<?xml version="1.0" encoding="UTF-8"?>
<!-- Generated by org.testng.reporters.JUnitReportReporter -->
<testsuite hostname="Arman" failures="0" tests="7" name="testcases.LoginTest" time="42.378" errors="0" timestamp="2023-04-28T16:09:14 EDT" skipped="0">
  <testcase classname="testcases.LoginTest" name="verifyLoginWithValidCredentials" time="6.405"/>
  <system-out/>
  <testcase classname="testcases.LoginTest" name="verifyLoginWithInvalidCredentials" time="6.118"/>
  <system-out/>
  <testcase classname="testcases.LoginTest" name="verifyLoginWithInvalidEmailAndValidPassword" time="6.168"/>
  <system-out/>
  <testcase classname="testcases.LoginTest" name="verifyLoginWithValidEmailAndInvalidPassword" time="5.984"/>
  <system-out/>
  <testcase classname="testcases.LoginTest" name="verifyLoginWithEmptyBoxes" time="5.840"/>
  <system-out/>
  <testcase classname="testcases.LoginTest" name="verifyLoginWithEmptyEmailBoxAndValidPasswod" time="5.883"/>
  <system-out/>
  <testcase classname="testcases.LoginTest" name="verifyLoginWithEmptyPasswordBoxAndValidEmail" time="5.980"/>
  <system-out/>
</testsuite> <!-- testcases.LoginTest -->
