<?xml version="1.0" encoding="UTF-8"?>
<!-- Generated by org.testng.reporters.JUnitReportReporter -->
<testsuite hostname="Arman" failures="0" tests="5" name="testcases.RegistrationTest" time="33.980" errors="0" timestamp="2023-04-28T16:09:14 EDT" skipped="0">
  <testcase classname="testcases.RegistrationTest" name="FillingAllMondatoryFieldsWithValidCredentials" time="7.295"/>
  <system-out/>
  <testcase classname="testcases.RegistrationTest" name="verifyRegistrationWithoutFillingAnyDetails" time="6.226"/>
  <system-out/>
  <testcase classname="testcases.RegistrationTest" name="FillingRegistrationFormWithEmptyEmailBox" time="6.762"/>
  <system-out/>
  <testcase classname="testcases.RegistrationTest" name="FillingRegistrationFormWithRegisteredEmail" time="6.817"/>
  <system-out/>
  <testcase classname="testcases.RegistrationTest" name="FillingRegistrationFormWithInvalidPassword" time="6.880"/>
  <system-out/>
</testsuite> <!-- testcases.RegistrationTest -->
