<?xml version="1.0" encoding="UTF-8"?>
<!-- Generated by org.testng.reporters.JUnitReportReporter -->
<testsuite hostname="Arman" failures="0" tests="3" name="testcases.SearchTest" time="16.855" errors="0" timestamp="2023-04-28T17:07:12 EDT" skipped="0">
  <testcase classname="testcases.SearchTest" name="verifySearchWithValidProduct" time="5.063"/>
  <system-out/>
  <testcase classname="testcases.SearchTest" name="verifySearchWithInvalidProduct" time="6.644"/>
  <system-out/>
  <testcase classname="testcases.SearchTest" name="verifySearchWithoutAnyProduct" time="5.148"/>
  <system-out/>
</testsuite> <!-- testcases.SearchTest -->
