<?xml version="1.0" encoding="UTF-8"?>
<!-- Generated by org.testng.reporters.JUnitReportReporter -->
<testsuite hostname="Arman" failures="0" tests="3" name="testcases.SearchTest" time="18.670" errors="0" timestamp="2023-04-28T16:09:14 EDT" skipped="0">
  <testcase classname="testcases.SearchTest" name="verifySearchWithValidProduct" time="5.703"/>
  <system-out/>
  <testcase classname="testcases.SearchTest" name="verifySearchWithInvalidProduct" time="5.522"/>
  <system-out/>
  <testcase classname="testcases.SearchTest" name="verifySearchWithoutAnyProduct" time="7.445"/>
  <system-out/>
</testsuite> <!-- testcases.SearchTest -->
