<?xml version="1.0" encoding="UTF-8"?>
<!-- Generated by org.testng.reporters.JUnitReportReporter -->
<testsuite hostname="Arman" failures="0" tests="5" name="testcases.RegistrationTest" time="30.901" errors="0" timestamp="2023-04-28T17:07:12 EDT" skipped="0">
  <testcase classname="testcases.RegistrationTest" name="FillingAllMondatoryFieldsWithValidCredentials" time="6.547"/>
  <system-out/>
  <testcase classname="testcases.RegistrationTest" name="verifyRegistrationWithoutFillingAnyDetails" time="5.824"/>
  <system-out/>
  <testcase classname="testcases.RegistrationTest" name="FillingRegistrationFormWithEmptyEmailBox" time="6.085"/>
  <system-out/>
  <testcase classname="testcases.RegistrationTest" name="FillingRegistrationFormWithRegisteredEmail" time="6.177"/>
  <system-out/>
  <testcase classname="testcases.RegistrationTest" name="FillingRegistrationFormWithInvalidPassword" time="6.268"/>
  <system-out/>
</testsuite> <!-- testcases.RegistrationTest -->
